2023-12-15T23:36:24.517941Z 0 [System] [MY-010116] [Server] C:\Program Files\MySQL\MySQL Server 8.0\bin\mysqld.exe (mysqld 8.0.35) starting as process 21984
2023-12-15T23:36:24.543685Z 1 [System] [MY-013576] [InnoDB] InnoDB initialization has started.
2023-12-15T23:36:24.831473Z 1 [System] [MY-013577] [InnoDB] InnoDB initialization has ended.
2023-12-15T23:36:25.188026Z 0 [Warning] [MY-010068] [Server] CA certificate ca.pem is self signed.
2023-12-15T23:36:25.189546Z 0 [System] [MY-013602] [Server] Channel mysql_main configured to support TLS. Encrypted connections are now supported for this channel.
2023-12-15T23:36:25.244279Z 0 [System] [MY-011323] [Server] X Plugin ready for connections. Bind-address: '::' port: 33060
2023-12-15T23:36:25.244453Z 0 [System] [MY-010931] [Server] C:\Program Files\MySQL\MySQL Server 8.0\bin\mysqld.exe: ready for connections. Version: '8.0.35'  socket: ''  port: 3306  MySQL Community Server - GPL.
2023-12-16T12:53:18.701320Z 0 [System] [MY-010116] [Server] C:\Program Files\MySQL\MySQL Server 8.0\bin\mysqld.exe (mysqld 8.0.35) starting as process 7152
2023-12-16T12:53:18.743583Z 1 [System] [MY-013576] [InnoDB] InnoDB initialization has started.
2023-12-16T12:53:19.403714Z 1 [System] [MY-013577] [InnoDB] InnoDB initialization has ended.
2023-12-16T12:53:19.715222Z 0 [System] [MY-010229] [Server] Starting XA crash recovery...
2023-12-16T12:53:19.722079Z 0 [System] [MY-010232] [Server] XA crash recovery finished.
2023-12-16T12:53:19.848444Z 0 [Warning] [MY-010068] [Server] CA certificate ca.pem is self signed.
2023-12-16T12:53:19.849909Z 0 [System] [MY-013602] [Server] Channel mysql_main configured to support TLS. Encrypted connections are now supported for this channel.
2023-12-16T12:53:19.946876Z 0 [System] [MY-011323] [Server] X Plugin ready for connections. Bind-address: '::' port: 33060
2023-12-16T12:53:19.947075Z 0 [System] [MY-010931] [Server] C:\Program Files\MySQL\MySQL Server 8.0\bin\mysqld.exe: ready for connections. Version: '8.0.35'  socket: ''  port: 3306  MySQL Community Server - GPL.
2023-12-16T22:27:34.931567Z 0 [System] [MY-013105] [Server] C:\Program Files\MySQL\MySQL Server 8.0\bin\mysqld.exe: Normal shutdown.
2023-12-16T22:27:35.881835Z 0 [System] [MY-010910] [Server] C:\Program Files\MySQL\MySQL Server 8.0\bin\mysqld.exe: Shutdown complete (mysqld 8.0.35)  MySQL Community Server - GPL.
2023-12-16T22:32:23.281510Z 0 [System] [MY-010116] [Server] C:\Program Files\MySQL\MySQL Server 8.0\bin\mysqld.exe (mysqld 8.0.35) starting as process 21024
2023-12-16T22:32:23.363826Z 1 [System] [MY-013576] [InnoDB] InnoDB initialization has started.
2023-12-16T22:32:23.709742Z 1 [System] [MY-013577] [InnoDB] InnoDB initialization has ended.
2023-12-16T22:32:24.104032Z 0 [Warning] [MY-010068] [Server] CA certificate ca.pem is self signed.
2023-12-16T22:32:24.104584Z 0 [System] [MY-013602] [Server] Channel mysql_main configured to support TLS. Encrypted connections are now supported for this channel.
2023-12-16T22:32:24.172404Z 0 [System] [MY-011323] [Server] X Plugin ready for connections. Bind-address: '::' port: 33060
2023-12-16T22:32:24.172524Z 0 [System] [MY-010931] [Server] C:\Program Files\MySQL\MySQL Server 8.0\bin\mysqld.exe: ready for connections. Version: '8.0.35'  socket: ''  port: 3306  MySQL Community Server - GPL.
2023-12-16T22:51:49.570574Z 0 [System] [MY-013105] [Server] C:\Program Files\MySQL\MySQL Server 8.0\bin\mysqld.exe: Normal shutdown.
2023-12-16T22:51:50.222537Z 0 [System] [MY-010910] [Server] C:\Program Files\MySQL\MySQL Server 8.0\bin\mysqld.exe: Shutdown complete (mysqld 8.0.35)  MySQL Community Server - GPL.
2023-12-16T23:02:23.709974Z 0 [System] [MY-010116] [Server] C:\Program Files\MySQL\MySQL Server 8.0\bin\mysqld.exe (mysqld 8.0.35) starting as process 6608
2023-12-16T23:02:23.738950Z 1 [System] [MY-013576] [InnoDB] InnoDB initialization has started.
2023-12-16T23:02:24.036715Z 1 [System] [MY-013577] [InnoDB] InnoDB initialization has ended.
2023-12-16T23:02:24.340290Z 0 [Warning] [MY-010068] [Server] CA certificate ca.pem is self signed.
2023-12-16T23:02:24.340864Z 0 [System] [MY-013602] [Server] Channel mysql_main configured to support TLS. Encrypted connections are now supported for this channel.
2023-12-16T23:02:24.391634Z 0 [System] [MY-010931] [Server] C:\Program Files\MySQL\MySQL Server 8.0\bin\mysqld.exe: ready for connections. Version: '8.0.35'  socket: ''  port: 3306  MySQL Community Server - GPL.
2023-12-16T23:02:24.391752Z 0 [System] [MY-011323] [Server] X Plugin ready for connections. Bind-address: '::' port: 33060
2023-12-17T10:23:39.156835Z 0 [System] [MY-010116] [Server] C:\Program Files\MySQL\MySQL Server 8.0\bin\mysqld.exe (mysqld 8.0.35) starting as process 16532
2023-12-17T10:23:39.276829Z 1 [System] [MY-013576] [InnoDB] InnoDB initialization has started.
2023-12-17T10:23:39.955640Z 1 [System] [MY-013577] [InnoDB] InnoDB initialization has ended.
2023-12-17T10:23:40.213795Z 0 [System] [MY-010229] [Server] Starting XA crash recovery...
2023-12-17T10:23:40.218168Z 0 [System] [MY-010232] [Server] XA crash recovery finished.
2023-12-17T10:23:40.455305Z 0 [Warning] [MY-010068] [Server] CA certificate ca.pem is self signed.
2023-12-17T10:23:40.456283Z 0 [System] [MY-013602] [Server] Channel mysql_main configured to support TLS. Encrypted connections are now supported for this channel.
2023-12-17T10:23:40.552877Z 0 [System] [MY-011323] [Server] X Plugin ready for connections. Bind-address: '::' port: 33060
2023-12-17T10:23:40.553014Z 0 [System] [MY-010931] [Server] C:\Program Files\MySQL\MySQL Server 8.0\bin\mysqld.exe: ready for connections. Version: '8.0.35'  socket: ''  port: 3306  MySQL Community Server - GPL.
